{
  "stats": {
    "suites": 4,
    "tests": 7,
    "passes": 5,
    "pending": 0,
    "failures": 2,
    "start": "2021-03-16T05:59:04.713Z",
    "end": "2021-03-16T05:59:07.822Z",
    "duration": 3109,
    "testsRegistered": 25,
    "passPercent": 20,
    "pendingPercent": 0,
    "other": 0,
    "hasOther": false,
    "skipped": 18,
    "hasSkipped": true
  },
  "results": [
    {
      "uuid": "f01585dc-eef7-4c2b-b601-20bb0a65cb12",
      "title": "",
      "fullFile": "cypress\\integration\\HLA_API\\Master_Data.spec.js",
      "file": "cypress\\integration\\HLA_API\\Master_Data.spec.js",
      "beforeHooks": [],
      "afterHooks": [],
      "tests": [],
      "suites": [
        {
          "uuid": "328eba87-b437-4931-8c51-6bcf42ef0f34",
          "title": "Master Data automation",
          "fullFile": "",
          "file": "",
          "beforeHooks": [],
          "afterHooks": [],
          "tests": [],
          "suites": [
            {
              "uuid": "40250aab-17db-4fe9-a4f8-03c8fa5baf4d",
              "title": "Master data login for access token",
              "fullFile": "",
              "file": "",
              "beforeHooks": [],
              "afterHooks": [],
              "tests": [
                {
                  "title": "TC-key01  Get 200 success status",
                  "fullTitle": "Master Data automation Master data login for access token TC-key01  Get 200 success status",
                  "timedOut": null,
                  "duration": 376,
                  "state": "passed",
                  "speed": "slow",
                  "pass": true,
                  "fail": false,
                  "pending": false,
                  "context": null,
                  "code": "expect(this.response.status).to.equal(200);",
                  "err": {},
                  "uuid": "57299360-03b1-4143-9972-1fedeb344ef4",
                  "parentUUID": "40250aab-17db-4fe9-a4f8-03c8fa5baf4d",
                  "isHook": false,
                  "skipped": false
                },
                {
                  "title": "TC-key02 Verify that the Access token is appaering with response body",
                  "fullTitle": "Master Data automation Master data login for access token TC-key02 Verify that the Access token is appaering with response body",
                  "timedOut": null,
                  "duration": 207,
                  "state": "passed",
                  "speed": "slow",
                  "pass": true,
                  "fail": false,
                  "pending": false,
                  "context": null,
                  "code": "expect(this.responseBody).to.have.property('access_token');",
                  "err": {},
                  "uuid": "27285b9c-8007-4dbb-b6e2-e61c161e0799",
                  "parentUUID": "40250aab-17db-4fe9-a4f8-03c8fa5baf4d",
                  "isHook": false,
                  "skipped": false
                },
                {
                  "title": "TC-key03 Verify that the Refresh token is appaering with response body",
                  "fullTitle": "Master Data automation Master data login for access token TC-key03 Verify that the Refresh token is appaering with response body",
                  "timedOut": null,
                  "duration": 208,
                  "state": "passed",
                  "speed": "slow",
                  "pass": true,
                  "fail": false,
                  "pending": false,
                  "context": null,
                  "code": "expect(this.responseBody).to.have.property('refresh_token');",
                  "err": {},
                  "uuid": "7d23aac1-5bc7-4202-8657-bb80aa95f383",
                  "parentUUID": "40250aab-17db-4fe9-a4f8-03c8fa5baf4d",
                  "isHook": false,
                  "skipped": false
                },
                {
                  "title": "TC-key04 Verify that the Access tokens expires time will visible with response body",
                  "fullTitle": "Master Data automation Master data login for access token TC-key04 Verify that the Access tokens expires time will visible with response body",
                  "timedOut": null,
                  "duration": 199,
                  "state": "passed",
                  "speed": "slow",
                  "pass": true,
                  "fail": false,
                  "pending": false,
                  "context": null,
                  "code": "expect(this.responseBody).to.have.property('expires_in');",
                  "err": {},
                  "uuid": "cdd2b267-a01a-479f-8910-6330854a3132",
                  "parentUUID": "40250aab-17db-4fe9-a4f8-03c8fa5baf4d",
                  "isHook": false,
                  "skipped": false
                },
                {
                  "title": "TC-key05 Verify that the Refresh tokens expires time will visible with response body",
                  "fullTitle": "Master Data automation Master data login for access token TC-key05 Verify that the Refresh tokens expires time will visible with response body",
                  "timedOut": null,
                  "duration": 190,
                  "state": "passed",
                  "speed": "slow",
                  "pass": true,
                  "fail": false,
                  "pending": false,
                  "context": null,
                  "code": "expect(this.responseBody).to.have.property('refresh_expires_in');",
                  "err": {},
                  "uuid": "b157b353-325a-44c3-8ff5-6faab3c183ec",
                  "parentUUID": "40250aab-17db-4fe9-a4f8-03c8fa5baf4d",
                  "isHook": false,
                  "skipped": false
                }
              ],
              "suites": [],
              "passes": [
                "57299360-03b1-4143-9972-1fedeb344ef4",
                "27285b9c-8007-4dbb-b6e2-e61c161e0799",
                "7d23aac1-5bc7-4202-8657-bb80aa95f383",
                "cdd2b267-a01a-479f-8910-6330854a3132",
                "b157b353-325a-44c3-8ff5-6faab3c183ec"
              ],
              "failures": [],
              "pending": [],
              "skipped": [],
              "duration": 1180,
              "root": false,
              "rootEmpty": false,
              "_timeout": 2000
            },
            {
              "uuid": "bfca01bd-0b64-4a0c-98e6-626a050ab9bf",
              "title": "MasterData_FetchAll API automation",
              "fullFile": "",
              "file": "",
              "beforeHooks": [],
              "afterHooks": [],
              "tests": [
                {
                  "title": "TC-Master01 - Verify 200 success status",
                  "fullTitle": "Master Data automation MasterData_FetchAll API automation TC-Master01 - Verify 200 success status",
                  "timedOut": null,
                  "duration": 895,
                  "state": "failed",
                  "speed": null,
                  "pass": false,
                  "fail": true,
                  "pending": false,
                  "context": null,
                  "code": "expect(this.response.status).to.equal(200);",
                  "err": {
                    "message": "CypressError: `cy.request()` failed on:\n\nhttp://hla-gateway-service-app-hla-qa.apps.projects.agentmicroservices.com/hla-general-service/v1/masterdata/ALL\n\nThe response we received from your web server was:\n\n  > 401: Unauthorized\n\nThis was considered a failure because the status code was not `2xx` or `3xx`.\n\nIf you do not want status codes to cause failures pass the option: `failOnStatusCode: false`\n\n-----------------------------------------------------------\n\nThe request we sent was:\n\nMethod: GET\nURL: http://hla-gateway-service-app-hla-qa.apps.projects.agentmicroservices.com/hla-general-service/v1/masterdata/ALL\nHeaders: {\n  \"Connection\": \"keep-alive\",\n  \"wsrt\": \"1613623480\",\n  \"agentcode\": \"A0006711\",\n  \"appversion\": \"3.22.1\",\n  \"deviceid\": \"0F3CE4F9-CE5E-40B4-8FA9-EA35F316474E\",\n  \"appcode\": \"IMS\",\n  \"appchannel\": \"agency\",\n  \"Content-Type\": \"application/json\",\n  \"authorization\": \"Bearer eyJhbGciOiJSUzI1NiIsInR5cCIgOiAiSldUIiwia2lkIiA6ICJJdjFnYTBTdWw4YjZVQlNQUjg0UFpNSjlMQ1VfTFJVbUU4eGNnNEZ6YkI0In0.eyJleHAiOjE2MTU4ODE1NDUsImlhdCI6MTYxNTg3NDM0NSwianRpIjoiMjM0ZThjNWEtYjg5NC00ZWEyLTllNjItNTY0MTgyODk4NmRmIiwiaXNzIjoiaHR0cDovL2hsYS1rZXljbG9jay1zZXJ2aWNlLXNlcnZpY2UtaGxhLXFhLmFwcHMucHJvamVjdHMuYWdlbnRtaWNyb3NlcnZpY2VzLmNvbS9hdXRoL3JlYWxtcy9obGFxYSIsImF1ZCI6ImFjY291bnQiLCJzdWIiOiI0OTA2MWU4MC02MGFiLTRhOTEtYjU0ZS03MmZjOGYxOTEzYjgiLCJ0eXAiOiJCZWFyZXIiLCJhenAiOiJobGFxYSIsInNlc3Npb25fc3RhdGUiOiIxOTNhMGE0OS0zOWE3LTQxM2UtODJlMC0yNTE2MzdlNWQ0NGIiLCJhY3IiOiIxIiwicmVhbG1fYWNjZXNzIjp7InJvbGVzIjpbIkFHRU5UIiwib2ZmbGluZV9hY2Nlc3MiLCJ1bWFfYXV0aG9yaXphdGlvbiIsIlVTRVIiXX0sInJlc291cmNlX2FjY2VzcyI6eyJhY2NvdW50Ijp7InJvbGVzIjpbIm1hbmFnZS1hY2NvdW50IiwibWFuYWdlLWFjY291bnQtbGlua3MiLCJ2aWV3LXByb2ZpbGUiXX19LCJzY29wZSI6ImVtYWlsIHByb2ZpbGUiLCJlbWFpbF92ZXJpZmllZCI6ZmFsc2UsIm5hbWUiOiJUWE4gR1hYSyBMWE4iLCJwcmVmZXJyZWRfdXNlcm5hbWUiOiJhMDAwNTI3NyIsImdpdmVuX25hbWUiOiJUWE4gR1hYSyIsImZhbWlseV9uYW1lIjoiTFhOIn0.SBUfjLLtV-x48fDNCZqQih_nRNYQOVO-t56fDSkxhFQfeBiU7Ulmmgw0Ob5KMe6y4YFzVWFO-K7xBdtS3ZB8lHnD_ttguV252YQL-n8yoWxaNvpG1QySFtobOBxUFEJpru3AuSXEx2O0qvplC-tVsgNIL7zZit5kjpVueGhiGUeYjGTOc0uW0NDzQM45a4Tm_0rPhZJrxqLJVL5zU_Ww-7-gM3klOzacphbZV0iG8YCWHtpMaM3wczeP03LgKuHt6adz46bV6nLc73TRCtYv7emt0CUnhAzvPdkHCBc7yyQ61q5C9MW2UumnG0e8mqHfWLJUooaAXIBpIFFnVWE8YQ\",\n  \"user-agent\": \"Mozilla/5.0 (Windows NT 10.0; Win64; x64) AppleWebKit/537.36 (KHTML, like Gecko) Cypress/6.6.0 Chrome/87.0.4280.141 Electron/11.2.3 Safari/537.36\",\n  \"accept\": \"*/*\",\n  \"accept-encoding\": \"gzip, deflate\"\n}\n\n-----------------------------------------------------------\n\nThe response we got was:\n\nStatus: 401 - Unauthorized\nHeaders: {\n  \"www-authenticate\": \"Bearer\",\n  \"x-content-type-options\": \"nosniff\",\n  \"x-xss-protection\": \"1; mode=block\",\n  \"cache-control\": \"no-cache, no-store, max-age=0, must-revalidate\",\n  \"pragma\": \"no-cache\",\n  \"expires\": \"0\",\n  \"x-frame-options\": \"DENY\",\n  \"content-length\": \"0\",\n  \"date\": \"Tue, 16 Mar 2021 05:59:05 GMT\",\n  \"set-cookie\": [\n    \"a226688242a240f542ee49fe27097c82=986b4f31082ba01c28810897fd95a17b; path=/; HttpOnly\",\n    \"41f257985ffc14f1bf5e362107cf1488=8f0c61231899bec512d9ca9f86d1e66a; path=/; HttpOnly\"\n  ],\n  \"referrer-policy\": \"no-referrer\"\n}\nBody: \n\n\nhttps://on.cypress.io/request\n\nBecause this error occurred during a `before each` hook we are skipping the remaining tests in the current suite: `MasterData_FetchAll API aut...`",
                    "estack": "CypressError: `cy.request()` failed on:\n\nhttp://hla-gateway-service-app-hla-qa.apps.projects.agentmicroservices.com/hla-general-service/v1/masterdata/ALL\n\nThe response we received from your web server was:\n\n  > 401: Unauthorized\n\nThis was considered a failure because the status code was not `2xx` or `3xx`.\n\nIf you do not want status codes to cause failures pass the option: `failOnStatusCode: false`\n\n-----------------------------------------------------------\n\nThe request we sent was:\n\nMethod: GET\nURL: http://hla-gateway-service-app-hla-qa.apps.projects.agentmicroservices.com/hla-general-service/v1/masterdata/ALL\nHeaders: {\n  \"Connection\": \"keep-alive\",\n  \"wsrt\": \"1613623480\",\n  \"agentcode\": \"A0006711\",\n  \"appversion\": \"3.22.1\",\n  \"deviceid\": \"0F3CE4F9-CE5E-40B4-8FA9-EA35F316474E\",\n  \"appcode\": \"IMS\",\n  \"appchannel\": \"agency\",\n  \"Content-Type\": \"application/json\",\n  \"authorization\": \"Bearer eyJhbGciOiJSUzI1NiIsInR5cCIgOiAiSldUIiwia2lkIiA6ICJJdjFnYTBTdWw4YjZVQlNQUjg0UFpNSjlMQ1VfTFJVbUU4eGNnNEZ6YkI0In0.eyJleHAiOjE2MTU4ODE1NDUsImlhdCI6MTYxNTg3NDM0NSwianRpIjoiMjM0ZThjNWEtYjg5NC00ZWEyLTllNjItNTY0MTgyODk4NmRmIiwiaXNzIjoiaHR0cDovL2hsYS1rZXljbG9jay1zZXJ2aWNlLXNlcnZpY2UtaGxhLXFhLmFwcHMucHJvamVjdHMuYWdlbnRtaWNyb3NlcnZpY2VzLmNvbS9hdXRoL3JlYWxtcy9obGFxYSIsImF1ZCI6ImFjY291bnQiLCJzdWIiOiI0OTA2MWU4MC02MGFiLTRhOTEtYjU0ZS03MmZjOGYxOTEzYjgiLCJ0eXAiOiJCZWFyZXIiLCJhenAiOiJobGFxYSIsInNlc3Npb25fc3RhdGUiOiIxOTNhMGE0OS0zOWE3LTQxM2UtODJlMC0yNTE2MzdlNWQ0NGIiLCJhY3IiOiIxIiwicmVhbG1fYWNjZXNzIjp7InJvbGVzIjpbIkFHRU5UIiwib2ZmbGluZV9hY2Nlc3MiLCJ1bWFfYXV0aG9yaXphdGlvbiIsIlVTRVIiXX0sInJlc291cmNlX2FjY2VzcyI6eyJhY2NvdW50Ijp7InJvbGVzIjpbIm1hbmFnZS1hY2NvdW50IiwibWFuYWdlLWFjY291bnQtbGlua3MiLCJ2aWV3LXByb2ZpbGUiXX19LCJzY29wZSI6ImVtYWlsIHByb2ZpbGUiLCJlbWFpbF92ZXJpZmllZCI6ZmFsc2UsIm5hbWUiOiJUWE4gR1hYSyBMWE4iLCJwcmVmZXJyZWRfdXNlcm5hbWUiOiJhMDAwNTI3NyIsImdpdmVuX25hbWUiOiJUWE4gR1hYSyIsImZhbWlseV9uYW1lIjoiTFhOIn0.SBUfjLLtV-x48fDNCZqQih_nRNYQOVO-t56fDSkxhFQfeBiU7Ulmmgw0Ob5KMe6y4YFzVWFO-K7xBdtS3ZB8lHnD_ttguV252YQL-n8yoWxaNvpG1QySFtobOBxUFEJpru3AuSXEx2O0qvplC-tVsgNIL7zZit5kjpVueGhiGUeYjGTOc0uW0NDzQM45a4Tm_0rPhZJrxqLJVL5zU_Ww-7-gM3klOzacphbZV0iG8YCWHtpMaM3wczeP03LgKuHt6adz46bV6nLc73TRCtYv7emt0CUnhAzvPdkHCBc7yyQ61q5C9MW2UumnG0e8mqHfWLJUooaAXIBpIFFnVWE8YQ\",\n  \"user-agent\": \"Mozilla/5.0 (Windows NT 10.0; Win64; x64) AppleWebKit/537.36 (KHTML, like Gecko) Cypress/6.6.0 Chrome/87.0.4280.141 Electron/11.2.3 Safari/537.36\",\n  \"accept\": \"*/*\",\n  \"accept-encoding\": \"gzip, deflate\"\n}\n\n-----------------------------------------------------------\n\nThe response we got was:\n\nStatus: 401 - Unauthorized\nHeaders: {\n  \"www-authenticate\": \"Bearer\",\n  \"x-content-type-options\": \"nosniff\",\n  \"x-xss-protection\": \"1; mode=block\",\n  \"cache-control\": \"no-cache, no-store, max-age=0, must-revalidate\",\n  \"pragma\": \"no-cache\",\n  \"expires\": \"0\",\n  \"x-frame-options\": \"DENY\",\n  \"content-length\": \"0\",\n  \"date\": \"Tue, 16 Mar 2021 05:59:05 GMT\",\n  \"set-cookie\": [\n    \"a226688242a240f542ee49fe27097c82=986b4f31082ba01c28810897fd95a17b; path=/; HttpOnly\",\n    \"41f257985ffc14f1bf5e362107cf1488=8f0c61231899bec512d9ca9f86d1e66a; path=/; HttpOnly\"\n  ],\n  \"referrer-policy\": \"no-referrer\"\n}\nBody: \n\n\nhttps://on.cypress.io/request\n\nBecause this error occurred during a `before each` hook we are skipping the remaining tests in the current suite: `MasterData_FetchAll API aut...`\n    at http://localhost:11190/__cypress/runner/cypress_runner.js:160251:21\n    at tryCatcher (http://localhost:11190/__cypress/runner/cypress_runner.js:10765:23)\n    at Promise._settlePromiseFromHandler (http://localhost:11190/__cypress/runner/cypress_runner.js:8700:31)\n    at Promise._settlePromise (http://localhost:11190/__cypress/runner/cypress_runner.js:8757:18)\n    at Promise._settlePromise0 (http://localhost:11190/__cypress/runner/cypress_runner.js:8802:10)\n    at Promise._settlePromises (http://localhost:11190/__cypress/runner/cypress_runner.js:8882:18)\n    at _drainQueueStep (http://localhost:11190/__cypress/runner/cypress_runner.js:5472:12)\n    at _drainQueue (http://localhost:11190/__cypress/runner/cypress_runner.js:5465:9)\n    at Async.../../node_modules/bluebird/js/release/async.js.Async._drainQueues (http://localhost:11190/__cypress/runner/cypress_runner.js:5481:5)\n    at Async.drainQueues (http://localhost:11190/__cypress/runner/cypress_runner.js:5351:14)\nFrom Your Spec Code:\n    at Context.eval (http://localhost:11190/__cypress/tests?p=cypress\\integration\\HLA_API\\Master_Data.spec.js:143:10)",
                    "diff": null
                  },
                  "uuid": "122adf57-d5cb-46b8-b3fd-9ec92118204f",
                  "parentUUID": "bfca01bd-0b64-4a0c-98e6-626a050ab9bf",
                  "isHook": false,
                  "skipped": false
                },
                {
                  "title": "TC-Master02 - Verify the response message body",
                  "fullTitle": "Master Data automation MasterData_FetchAll API automation TC-Master02 - Verify the response message body",
                  "timedOut": null,
                  "duration": 0,
                  "state": "skipped",
                  "speed": null,
                  "pass": false,
                  "fail": false,
                  "pending": false,
                  "context": null,
                  "code": "expect(this.responseBody.message).to.include('Master data found successfully for the given types');",
                  "err": {},
                  "uuid": "d51c71f4-9131-41b2-9973-62a83746d516",
                  "parentUUID": "bfca01bd-0b64-4a0c-98e6-626a050ab9bf",
                  "isHook": false,
                  "skipped": true
                },
                {
                  "title": "TC-Master03 - Verify that the DIRECT_CREDIT_BANK will be visible with response body",
                  "fullTitle": "Master Data automation MasterData_FetchAll API automation TC-Master03 - Verify that the DIRECT_CREDIT_BANK will be visible with response body",
                  "timedOut": null,
                  "duration": 0,
                  "state": "skipped",
                  "speed": null,
                  "pass": false,
                  "fail": false,
                  "pending": false,
                  "context": null,
                  "code": "expect(this.responseBody.result).to.have.property('DIRECT_CREDIT_BANK');",
                  "err": {},
                  "uuid": "62f53bb8-18d2-45e1-ace5-27b55dd04832",
                  "parentUUID": "bfca01bd-0b64-4a0c-98e6-626a050ab9bf",
                  "isHook": false,
                  "skipped": true
                },
                {
                  "title": "TC-Master04 - Verify that the ADDRESS_TYPE will be visible with response body",
                  "fullTitle": "Master Data automation MasterData_FetchAll API automation TC-Master04 - Verify that the ADDRESS_TYPE will be visible with response body",
                  "timedOut": null,
                  "duration": 0,
                  "state": "skipped",
                  "speed": null,
                  "pass": false,
                  "fail": false,
                  "pending": false,
                  "context": null,
                  "code": "expect(this.responseBody.result).to.have.property('ADDRESS_TYPE');",
                  "err": {},
                  "uuid": "4eb0adbe-c488-4201-8b1f-ff31bdce10b3",
                  "parentUUID": "bfca01bd-0b64-4a0c-98e6-626a050ab9bf",
                  "isHook": false,
                  "skipped": true
                },
                {
                  "title": "TC-Master05 - Verify that the COUNTRY will be visible with response body",
                  "fullTitle": "Master Data automation MasterData_FetchAll API automation TC-Master05 - Verify that the COUNTRY will be visible with response body",
                  "timedOut": null,
                  "duration": 0,
                  "state": "skipped",
                  "speed": null,
                  "pass": false,
                  "fail": false,
                  "pending": false,
                  "context": null,
                  "code": "expect(this.responseBody.result).to.have.property('COUNTRY');",
                  "err": {},
                  "uuid": "05c60489-bc84-4dd1-acda-d178ce82f212",
                  "parentUUID": "bfca01bd-0b64-4a0c-98e6-626a050ab9bf",
                  "isHook": false,
                  "skipped": true
                },
                {
                  "title": "TC-Master06 - Verify that the INSURANCE_COMPANY will be visible with response body",
                  "fullTitle": "Master Data automation MasterData_FetchAll API automation TC-Master06 - Verify that the INSURANCE_COMPANY will be visible with response body",
                  "timedOut": null,
                  "duration": 0,
                  "state": "skipped",
                  "speed": null,
                  "pass": false,
                  "fail": false,
                  "pending": false,
                  "context": null,
                  "code": "expect(this.responseBody.result).to.have.property('INSURANCE_COMPANY');",
                  "err": {},
                  "uuid": "992bf3a7-0730-44d1-8b06-e175a8de2bff",
                  "parentUUID": "bfca01bd-0b64-4a0c-98e6-626a050ab9bf",
                  "isHook": false,
                  "skipped": true
                },
                {
                  "title": "TC-Master07 - Verify that the MARITAL_STATUS will be visible with response body",
                  "fullTitle": "Master Data automation MasterData_FetchAll API automation TC-Master07 - Verify that the MARITAL_STATUS will be visible with response body",
                  "timedOut": null,
                  "duration": 0,
                  "state": "skipped",
                  "speed": null,
                  "pass": false,
                  "fail": false,
                  "pending": false,
                  "context": null,
                  "code": "expect(this.responseBody.result).to.have.property('MARITAL_STATUS');",
                  "err": {},
                  "uuid": "0f829518-5f8c-415b-b214-d6f807cc1194",
                  "parentUUID": "bfca01bd-0b64-4a0c-98e6-626a050ab9bf",
                  "isHook": false,
                  "skipped": true
                },
                {
                  "title": "TC-Master08 - Verify that the NATIONALITY will be visible with response body",
                  "fullTitle": "Master Data automation MasterData_FetchAll API automation TC-Master08 - Verify that the NATIONALITY will be visible with response body",
                  "timedOut": null,
                  "duration": 0,
                  "state": "skipped",
                  "speed": null,
                  "pass": false,
                  "fail": false,
                  "pending": false,
                  "context": null,
                  "code": "expect(this.responseBody.result).to.have.property('NATIONALITY');",
                  "err": {},
                  "uuid": "b0754d61-9625-4376-b5ff-5798f022625f",
                  "parentUUID": "bfca01bd-0b64-4a0c-98e6-626a050ab9bf",
                  "isHook": false,
                  "skipped": true
                },
                {
                  "title": "TC-Master09 - Verify that the OCCUPATION will be visible with response body",
                  "fullTitle": "Master Data automation MasterData_FetchAll API automation TC-Master09 - Verify that the OCCUPATION will be visible with response body",
                  "timedOut": null,
                  "duration": 0,
                  "state": "skipped",
                  "speed": null,
                  "pass": false,
                  "fail": false,
                  "pending": false,
                  "context": null,
                  "code": "expect(this.responseBody.result).to.have.property('OCCUPATION');",
                  "err": {},
                  "uuid": "9a24a481-626f-4fd3-ab80-ace8542f347a",
                  "parentUUID": "bfca01bd-0b64-4a0c-98e6-626a050ab9bf",
                  "isHook": false,
                  "skipped": true
                },
                {
                  "title": "TC-Master10 - Verify that the PAYMENT_FREQUENCY will be visible with response body",
                  "fullTitle": "Master Data automation MasterData_FetchAll API automation TC-Master10 - Verify that the PAYMENT_FREQUENCY will be visible with response body",
                  "timedOut": null,
                  "duration": 0,
                  "state": "skipped",
                  "speed": null,
                  "pass": false,
                  "fail": false,
                  "pending": false,
                  "context": null,
                  "code": "expect(this.responseBody.result).to.have.property('PAYMENT_FREQUENCY');",
                  "err": {},
                  "uuid": "b430a27c-c147-45ef-8b30-d953c3323fef",
                  "parentUUID": "bfca01bd-0b64-4a0c-98e6-626a050ab9bf",
                  "isHook": false,
                  "skipped": true
                },
                {
                  "title": "TC-Master11 - Verify that the POST_CODE will be visible with response body",
                  "fullTitle": "Master Data automation MasterData_FetchAll API automation TC-Master11 - Verify that the POST_CODE will be visible with response body",
                  "timedOut": null,
                  "duration": 0,
                  "state": "skipped",
                  "speed": null,
                  "pass": false,
                  "fail": false,
                  "pending": false,
                  "context": null,
                  "code": "expect(this.responseBody.result).to.have.property('POST_CODE');",
                  "err": {},
                  "uuid": "ab46d872-4562-4c41-ac6e-43451e6bd36b",
                  "parentUUID": "bfca01bd-0b64-4a0c-98e6-626a050ab9bf",
                  "isHook": false,
                  "skipped": true
                },
                {
                  "title": "TC-Master12 - Verify that the RACE will be visible with response body",
                  "fullTitle": "Master Data automation MasterData_FetchAll API automation TC-Master12 - Verify that the RACE will be visible with response body",
                  "timedOut": null,
                  "duration": 0,
                  "state": "skipped",
                  "speed": null,
                  "pass": false,
                  "fail": false,
                  "pending": false,
                  "context": null,
                  "code": "expect(this.responseBody.result).to.have.property('RACE');",
                  "err": {},
                  "uuid": "b004990e-f7f4-40f2-8c57-fc1fcf93b17e",
                  "parentUUID": "bfca01bd-0b64-4a0c-98e6-626a050ab9bf",
                  "isHook": false,
                  "skipped": true
                },
                {
                  "title": "TC-Master13 - Verify that the RELATION will be visible with response body",
                  "fullTitle": "Master Data automation MasterData_FetchAll API automation TC-Master13 - Verify that the RELATION will be visible with response body",
                  "timedOut": null,
                  "duration": 0,
                  "state": "skipped",
                  "speed": null,
                  "pass": false,
                  "fail": false,
                  "pending": false,
                  "context": null,
                  "code": "expect(this.responseBody.result).to.have.property('RELATION');",
                  "err": {},
                  "uuid": "b1574b3b-0252-40a6-ac16-5e7f25e95d88",
                  "parentUUID": "bfca01bd-0b64-4a0c-98e6-626a050ab9bf",
                  "isHook": false,
                  "skipped": true
                },
                {
                  "title": "TC-Master14 - Verify that the RELIGION will be visible with response body",
                  "fullTitle": "Master Data automation MasterData_FetchAll API automation TC-Master14 - Verify that the RELIGION will be visible with response body",
                  "timedOut": null,
                  "duration": 0,
                  "state": "skipped",
                  "speed": null,
                  "pass": false,
                  "fail": false,
                  "pending": false,
                  "context": null,
                  "code": "expect(this.responseBody.result).to.have.property('RELIGION');",
                  "err": {},
                  "uuid": "d5a5ecea-e85f-425b-ad50-1889af077eb5",
                  "parentUUID": "bfca01bd-0b64-4a0c-98e6-626a050ab9bf",
                  "isHook": false,
                  "skipped": true
                },
                {
                  "title": "TC-Master15 - Verify that the SALUTATION will be visible with response body",
                  "fullTitle": "Master Data automation MasterData_FetchAll API automation TC-Master15 - Verify that the SALUTATION will be visible with response body",
                  "timedOut": null,
                  "duration": 0,
                  "state": "skipped",
                  "speed": null,
                  "pass": false,
                  "fail": false,
                  "pending": false,
                  "context": null,
                  "code": "expect(this.responseBody.result).to.have.property('SALUTATION');",
                  "err": {},
                  "uuid": "29eb179b-6833-4bbd-915f-226d5cc24320",
                  "parentUUID": "bfca01bd-0b64-4a0c-98e6-626a050ab9bf",
                  "isHook": false,
                  "skipped": true
                },
                {
                  "title": "TC-Master16 - Verify that the STATE will be visible with response body",
                  "fullTitle": "Master Data automation MasterData_FetchAll API automation TC-Master16 - Verify that the STATE will be visible with response body",
                  "timedOut": null,
                  "duration": 0,
                  "state": "skipped",
                  "speed": null,
                  "pass": false,
                  "fail": false,
                  "pending": false,
                  "context": null,
                  "code": "expect(this.responseBody.result).to.have.property('STATE');",
                  "err": {},
                  "uuid": "49eb56ed-2e22-4a25-9343-40f77e370466",
                  "parentUUID": "bfca01bd-0b64-4a0c-98e6-626a050ab9bf",
                  "isHook": false,
                  "skipped": true
                }
              ],
              "suites": [],
              "passes": [],
              "failures": [
                "122adf57-d5cb-46b8-b3fd-9ec92118204f"
              ],
              "pending": [],
              "skipped": [
                "d51c71f4-9131-41b2-9973-62a83746d516",
                "62f53bb8-18d2-45e1-ace5-27b55dd04832",
                "4eb0adbe-c488-4201-8b1f-ff31bdce10b3",
                "05c60489-bc84-4dd1-acda-d178ce82f212",
                "992bf3a7-0730-44d1-8b06-e175a8de2bff",
                "0f829518-5f8c-415b-b214-d6f807cc1194",
                "b0754d61-9625-4376-b5ff-5798f022625f",
                "9a24a481-626f-4fd3-ab80-ace8542f347a",
                "b430a27c-c147-45ef-8b30-d953c3323fef",
                "ab46d872-4562-4c41-ac6e-43451e6bd36b",
                "b004990e-f7f4-40f2-8c57-fc1fcf93b17e",
                "b1574b3b-0252-40a6-ac16-5e7f25e95d88",
                "d5a5ecea-e85f-425b-ad50-1889af077eb5",
                "29eb179b-6833-4bbd-915f-226d5cc24320",
                "49eb56ed-2e22-4a25-9343-40f77e370466"
              ],
              "duration": 895,
              "root": false,
              "rootEmpty": false,
              "_timeout": 2000
            },
            {
              "uuid": "d829296f-e6de-4e68-b634-e3d8cd3156cb",
              "title": "MasterData_ADDRESS_TYPE API automation",
              "fullFile": "",
              "file": "",
              "beforeHooks": [],
              "afterHooks": [],
              "tests": [
                {
                  "title": "TC-Master17 - Verify 200 success status",
                  "fullTitle": "Master Data automation MasterData_ADDRESS_TYPE API automation TC-Master17 - Verify 200 success status",
                  "timedOut": null,
                  "duration": 514,
                  "state": "failed",
                  "speed": null,
                  "pass": false,
                  "fail": true,
                  "pending": false,
                  "context": null,
                  "code": "expect(this.response.status).to.equal(200); //console.log(this.response)",
                  "err": {
                    "message": "CypressError: `cy.request()` failed on:\n\nhttp://hla-gateway-service-app-hla-qa.apps.projects.agentmicroservices.com/hla-general-service/v1/masterdata/ADDRESS_TYPE\n\nThe response we received from your web server was:\n\n  > 401: Unauthorized\n\nThis was considered a failure because the status code was not `2xx` or `3xx`.\n\nIf you do not want status codes to cause failures pass the option: `failOnStatusCode: false`\n\n-----------------------------------------------------------\n\nThe request we sent was:\n\nMethod: GET\nURL: http://hla-gateway-service-app-hla-qa.apps.projects.agentmicroservices.com/hla-general-service/v1/masterdata/ADDRESS_TYPE\nHeaders: {\n  \"Connection\": \"keep-alive\",\n  \"wsrt\": \"1613623480\",\n  \"agentcode\": \"A0006711\",\n  \"appversion\": \"3.22.1\",\n  \"deviceid\": \"0F3CE4F9-CE5E-40B4-8FA9-EA35F316474E\",\n  \"appcode\": \"IMS\",\n  \"appchannel\": \"agency\",\n  \"Content-Type\": \"application/json\",\n  \"authorization\": \"Bearer eyJhbGciOiJSUzI1NiIsInR5cCIgOiAiSldUIiwia2lkIiA6ICJJdjFnYTBTdWw4YjZVQlNQUjg0UFpNSjlMQ1VfTFJVbUU4eGNnNEZ6YkI0In0.eyJleHAiOjE2MTU4ODE1NDYsImlhdCI6MTYxNTg3NDM0NiwianRpIjoiM2Y3YTE0NGYtZWI2YS00ZDI2LTgzZjEtODVmZGZkYjY5OWFjIiwiaXNzIjoiaHR0cDovL2hsYS1rZXljbG9jay1zZXJ2aWNlLXNlcnZpY2UtaGxhLXFhLmFwcHMucHJvamVjdHMuYWdlbnRtaWNyb3NlcnZpY2VzLmNvbS9hdXRoL3JlYWxtcy9obGFxYSIsImF1ZCI6ImFjY291bnQiLCJzdWIiOiI0OTA2MWU4MC02MGFiLTRhOTEtYjU0ZS03MmZjOGYxOTEzYjgiLCJ0eXAiOiJCZWFyZXIiLCJhenAiOiJobGFxYSIsInNlc3Npb25fc3RhdGUiOiJhNzI4MmQ2ZC00ZjEyLTRiNGUtYTYxNS1iZmRmMmVhZDVhZjciLCJhY3IiOiIxIiwicmVhbG1fYWNjZXNzIjp7InJvbGVzIjpbIkFHRU5UIiwib2ZmbGluZV9hY2Nlc3MiLCJ1bWFfYXV0aG9yaXphdGlvbiIsIlVTRVIiXX0sInJlc291cmNlX2FjY2VzcyI6eyJhY2NvdW50Ijp7InJvbGVzIjpbIm1hbmFnZS1hY2NvdW50IiwibWFuYWdlLWFjY291bnQtbGlua3MiLCJ2aWV3LXByb2ZpbGUiXX19LCJzY29wZSI6ImVtYWlsIHByb2ZpbGUiLCJlbWFpbF92ZXJpZmllZCI6ZmFsc2UsIm5hbWUiOiJUWE4gR1hYSyBMWE4iLCJwcmVmZXJyZWRfdXNlcm5hbWUiOiJhMDAwNTI3NyIsImdpdmVuX25hbWUiOiJUWE4gR1hYSyIsImZhbWlseV9uYW1lIjoiTFhOIn0.XxJJNimTUdwoKsvA_cyWwzTY4xP_TqXLVtgxqXsBvdmzC5Ra0atk9D8tvPvVh7SHOdNy8E0WHxcb6JXB71E6QACXf2AGxVt3kDpTfgtWiNxraRG4a5_cvGJljkE-Z0-7HpVfLuXk564HphX9QVzjCNgdBsYWiXDCruchRpMft48DfwLoyr4_Iw85q384-mM0rl8ppnOZBQZ_F4C8qBONMcjDJrO-rt98-2IjyQdhHMtpKRsH40mtO3ubRN3aXM1v7JTjnY5xNjtcKmFPW2k2of-EhGzMEDSvzMbvudDk0dgeBZAiTc7tW-kgpfNglZhcsNb1LGz2ZQvWWyJnWcevhw\",\n  \"user-agent\": \"Mozilla/5.0 (Windows NT 10.0; Win64; x64) AppleWebKit/537.36 (KHTML, like Gecko) Cypress/6.6.0 Chrome/87.0.4280.141 Electron/11.2.3 Safari/537.36\",\n  \"accept\": \"*/*\",\n  \"cookie\": \"41f257985ffc14f1bf5e362107cf1488=8f0c61231899bec512d9ca9f86d1e66a; a226688242a240f542ee49fe27097c82=986b4f31082ba01c28810897fd95a17b\",\n  \"accept-encoding\": \"gzip, deflate\"\n}\n\n-----------------------------------------------------------\n\nThe response we got was:\n\nStatus: 401 - Unauthorized\nHeaders: {\n  \"www-authenticate\": \"Bearer\",\n  \"x-content-type-options\": \"nosniff\",\n  \"x-xss-protection\": \"1; mode=block\",\n  \"cache-control\": \"no-cache, no-store, max-age=0, must-revalidate\",\n  \"pragma\": \"no-cache\",\n  \"expires\": \"0\",\n  \"x-frame-options\": \"DENY\",\n  \"content-length\": \"0\",\n  \"date\": \"Tue, 16 Mar 2021 05:59:05 GMT\",\n  \"referrer-policy\": \"no-referrer\"\n}\nBody: \n\n\nhttps://on.cypress.io/request\n\nBecause this error occurred during a `before each` hook we are skipping the remaining tests in the current suite: `MasterData_ADDRESS_TYPE API...`",
                    "estack": "CypressError: `cy.request()` failed on:\n\nhttp://hla-gateway-service-app-hla-qa.apps.projects.agentmicroservices.com/hla-general-service/v1/masterdata/ADDRESS_TYPE\n\nThe response we received from your web server was:\n\n  > 401: Unauthorized\n\nThis was considered a failure because the status code was not `2xx` or `3xx`.\n\nIf you do not want status codes to cause failures pass the option: `failOnStatusCode: false`\n\n-----------------------------------------------------------\n\nThe request we sent was:\n\nMethod: GET\nURL: http://hla-gateway-service-app-hla-qa.apps.projects.agentmicroservices.com/hla-general-service/v1/masterdata/ADDRESS_TYPE\nHeaders: {\n  \"Connection\": \"keep-alive\",\n  \"wsrt\": \"1613623480\",\n  \"agentcode\": \"A0006711\",\n  \"appversion\": \"3.22.1\",\n  \"deviceid\": \"0F3CE4F9-CE5E-40B4-8FA9-EA35F316474E\",\n  \"appcode\": \"IMS\",\n  \"appchannel\": \"agency\",\n  \"Content-Type\": \"application/json\",\n  \"authorization\": \"Bearer eyJhbGciOiJSUzI1NiIsInR5cCIgOiAiSldUIiwia2lkIiA6ICJJdjFnYTBTdWw4YjZVQlNQUjg0UFpNSjlMQ1VfTFJVbUU4eGNnNEZ6YkI0In0.eyJleHAiOjE2MTU4ODE1NDYsImlhdCI6MTYxNTg3NDM0NiwianRpIjoiM2Y3YTE0NGYtZWI2YS00ZDI2LTgzZjEtODVmZGZkYjY5OWFjIiwiaXNzIjoiaHR0cDovL2hsYS1rZXljbG9jay1zZXJ2aWNlLXNlcnZpY2UtaGxhLXFhLmFwcHMucHJvamVjdHMuYWdlbnRtaWNyb3NlcnZpY2VzLmNvbS9hdXRoL3JlYWxtcy9obGFxYSIsImF1ZCI6ImFjY291bnQiLCJzdWIiOiI0OTA2MWU4MC02MGFiLTRhOTEtYjU0ZS03MmZjOGYxOTEzYjgiLCJ0eXAiOiJCZWFyZXIiLCJhenAiOiJobGFxYSIsInNlc3Npb25fc3RhdGUiOiJhNzI4MmQ2ZC00ZjEyLTRiNGUtYTYxNS1iZmRmMmVhZDVhZjciLCJhY3IiOiIxIiwicmVhbG1fYWNjZXNzIjp7InJvbGVzIjpbIkFHRU5UIiwib2ZmbGluZV9hY2Nlc3MiLCJ1bWFfYXV0aG9yaXphdGlvbiIsIlVTRVIiXX0sInJlc291cmNlX2FjY2VzcyI6eyJhY2NvdW50Ijp7InJvbGVzIjpbIm1hbmFnZS1hY2NvdW50IiwibWFuYWdlLWFjY291bnQtbGlua3MiLCJ2aWV3LXByb2ZpbGUiXX19LCJzY29wZSI6ImVtYWlsIHByb2ZpbGUiLCJlbWFpbF92ZXJpZmllZCI6ZmFsc2UsIm5hbWUiOiJUWE4gR1hYSyBMWE4iLCJwcmVmZXJyZWRfdXNlcm5hbWUiOiJhMDAwNTI3NyIsImdpdmVuX25hbWUiOiJUWE4gR1hYSyIsImZhbWlseV9uYW1lIjoiTFhOIn0.XxJJNimTUdwoKsvA_cyWwzTY4xP_TqXLVtgxqXsBvdmzC5Ra0atk9D8tvPvVh7SHOdNy8E0WHxcb6JXB71E6QACXf2AGxVt3kDpTfgtWiNxraRG4a5_cvGJljkE-Z0-7HpVfLuXk564HphX9QVzjCNgdBsYWiXDCruchRpMft48DfwLoyr4_Iw85q384-mM0rl8ppnOZBQZ_F4C8qBONMcjDJrO-rt98-2IjyQdhHMtpKRsH40mtO3ubRN3aXM1v7JTjnY5xNjtcKmFPW2k2of-EhGzMEDSvzMbvudDk0dgeBZAiTc7tW-kgpfNglZhcsNb1LGz2ZQvWWyJnWcevhw\",\n  \"user-agent\": \"Mozilla/5.0 (Windows NT 10.0; Win64; x64) AppleWebKit/537.36 (KHTML, like Gecko) Cypress/6.6.0 Chrome/87.0.4280.141 Electron/11.2.3 Safari/537.36\",\n  \"accept\": \"*/*\",\n  \"cookie\": \"41f257985ffc14f1bf5e362107cf1488=8f0c61231899bec512d9ca9f86d1e66a; a226688242a240f542ee49fe27097c82=986b4f31082ba01c28810897fd95a17b\",\n  \"accept-encoding\": \"gzip, deflate\"\n}\n\n-----------------------------------------------------------\n\nThe response we got was:\n\nStatus: 401 - Unauthorized\nHeaders: {\n  \"www-authenticate\": \"Bearer\",\n  \"x-content-type-options\": \"nosniff\",\n  \"x-xss-protection\": \"1; mode=block\",\n  \"cache-control\": \"no-cache, no-store, max-age=0, must-revalidate\",\n  \"pragma\": \"no-cache\",\n  \"expires\": \"0\",\n  \"x-frame-options\": \"DENY\",\n  \"content-length\": \"0\",\n  \"date\": \"Tue, 16 Mar 2021 05:59:05 GMT\",\n  \"referrer-policy\": \"no-referrer\"\n}\nBody: \n\n\nhttps://on.cypress.io/request\n\nBecause this error occurred during a `before each` hook we are skipping the remaining tests in the current suite: `MasterData_ADDRESS_TYPE API...`\n    at http://localhost:11190/__cypress/runner/cypress_runner.js:160251:21\n    at tryCatcher (http://localhost:11190/__cypress/runner/cypress_runner.js:10765:23)\n    at Promise._settlePromiseFromHandler (http://localhost:11190/__cypress/runner/cypress_runner.js:8700:31)\n    at Promise._settlePromise (http://localhost:11190/__cypress/runner/cypress_runner.js:8757:18)\n    at Promise._settlePromise0 (http://localhost:11190/__cypress/runner/cypress_runner.js:8802:10)\n    at Promise._settlePromises (http://localhost:11190/__cypress/runner/cypress_runner.js:8882:18)\n    at _drainQueueStep (http://localhost:11190/__cypress/runner/cypress_runner.js:5472:12)\n    at _drainQueue (http://localhost:11190/__cypress/runner/cypress_runner.js:5465:9)\n    at Async.../../node_modules/bluebird/js/release/async.js.Async._drainQueues (http://localhost:11190/__cypress/runner/cypress_runner.js:5481:5)\n    at Async.drainQueues (http://localhost:11190/__cypress/runner/cypress_runner.js:5351:14)\nFrom Your Spec Code:\n    at Context.eval (http://localhost:11190/__cypress/tests?p=cypress\\integration\\HLA_API\\Master_Data.spec.js:212:10)",
                    "diff": null
                  },
                  "uuid": "4ee8a083-31b7-4cf3-8f3d-4abd5bb57912",
                  "parentUUID": "d829296f-e6de-4e68-b634-e3d8cd3156cb",
                  "isHook": false,
                  "skipped": false
                },
                {
                  "title": "TC-Master18 - Verify the response message body",
                  "fullTitle": "Master Data automation MasterData_ADDRESS_TYPE API automation TC-Master18 - Verify the response message body",
                  "timedOut": null,
                  "duration": 0,
                  "state": "skipped",
                  "speed": null,
                  "pass": false,
                  "fail": false,
                  "pending": false,
                  "context": null,
                  "code": "expect(this.responseBody.message).to.include('Master data found successfully for the given types : [ADDRESS_TYPE]');",
                  "err": {},
                  "uuid": "387c7bbf-2ad5-4059-8ce3-bd5ef46595c6",
                  "parentUUID": "d829296f-e6de-4e68-b634-e3d8cd3156cb",
                  "isHook": false,
                  "skipped": true
                },
                {
                  "title": "TC-Master19 - Verify that the ADDRESS_TYPE will be visible with response body",
                  "fullTitle": "Master Data automation MasterData_ADDRESS_TYPE API automation TC-Master19 - Verify that the ADDRESS_TYPE will be visible with response body",
                  "timedOut": null,
                  "duration": 0,
                  "state": "skipped",
                  "speed": null,
                  "pass": false,
                  "fail": false,
                  "pending": false,
                  "context": null,
                  "code": "expect(this.responseBody.result).to.have.property('ADDRESS_TYPE');",
                  "err": {},
                  "uuid": "05ec6d70-7a29-4e9a-8968-2d432de46503",
                  "parentUUID": "d829296f-e6de-4e68-b634-e3d8cd3156cb",
                  "isHook": false,
                  "skipped": true
                },
                {
                  "title": "Fetch the AddressType details",
                  "fullTitle": "Master Data automation MasterData_ADDRESS_TYPE API automation Fetch the AddressType details",
                  "timedOut": null,
                  "duration": 0,
                  "state": "skipped",
                  "speed": null,
                  "pass": false,
                  "fail": false,
                  "pending": false,
                  "context": null,
                  "code": "console.log(this.responseBody.result.ADDRESS_TYPE.length);",
                  "err": {},
                  "uuid": "5b34075d-56b2-4bcc-a6bb-89d25cce2cee",
                  "parentUUID": "d829296f-e6de-4e68-b634-e3d8cd3156cb",
                  "isHook": false,
                  "skipped": true
                }
              ],
              "suites": [],
              "passes": [],
              "failures": [
                "4ee8a083-31b7-4cf3-8f3d-4abd5bb57912"
              ],
              "pending": [],
              "skipped": [
                "387c7bbf-2ad5-4059-8ce3-bd5ef46595c6",
                "05ec6d70-7a29-4e9a-8968-2d432de46503",
                "5b34075d-56b2-4bcc-a6bb-89d25cce2cee"
              ],
              "duration": 514,
              "root": false,
              "rootEmpty": false,
              "_timeout": 2000
            }
          ],
          "passes": [],
          "failures": [],
          "pending": [],
          "skipped": [],
          "duration": 0,
          "root": false,
          "rootEmpty": false,
          "_timeout": 2000
        }
      ],
      "passes": [],
      "failures": [],
      "pending": [],
      "skipped": [],
      "duration": 0,
      "root": true,
      "rootEmpty": true,
      "_timeout": 2000
    }
  ],
  "meta": {
    "mocha": {
      "version": "7.0.1"
    },
    "mochawesome": {
      "options": {
        "quiet": false,
        "reportFilename": "report",
        "saveHtml": true,
        "saveJson": true,
        "consoleReporter": "spec",
        "useInlineDiffs": false,
        "code": true
      },
      "version": "6.2.2"
    },
    "marge": {
      "options": {
        "reportDir": "cypress/reports",
        "reportFilename": "report",
        "overwrite": true,
        "html": true,
        "json": true,
        "charts": true
      },
      "version": "5.2.0"
    }
  }
}